{"D:\\github\\Programmers\\Ywy\\JavaScript\\level1\\AddMissingNumber.js": {"path":"D:\\github\\Programmers\\Ywy\\JavaScript\\level1\\AddMissingNumber.js","statementMap":{"0":{"start":{"line":2,"column":15},"end":{"line":2,"column":84}},"1":{"start":{"line":2,"column":26},"end":{"line":2,"column":84}},"2":{"start":{"line":2,"column":66},"end":{"line":2,"column":76}}},"fnMap":{"0":{"name":"(anonymous_0)","decl":{"start":{"line":2,"column":15},"end":{"line":2,"column":16}},"loc":{"start":{"line":2,"column":26},"end":{"line":2,"column":84}},"line":2},"1":{"name":"(anonymous_1)","decl":{"start":{"line":2,"column":51},"end":{"line":2,"column":52}},"loc":{"start":{"line":2,"column":66},"end":{"line":2,"column":76}},"line":2}},"branchMap":{},"s":{"0":1,"1":1,"2":9},"f":{"0":1,"1":9},"b":{},"_coverageSchema":"1a1c01bbd47fc00a2c39e90264f33305004495a9","hash":"cc62d40b8f10c73bbf71d187f4f5d85ad1878fbe"}
}
